<?xml version="1.0" encoding="UTF-8"?>
<testng-results ignored="0" total="4" passed="3" failed="1" skipped="0">
  <reporter-output>
  </reporter-output>
  <suite started-at="2022-08-01T18:56:03Z" name="Default suite" finished-at="2022-08-01T18:56:28Z" duration-ms="24931">
    <groups>
    </groups>
    <test started-at="2022-08-01T18:56:03Z" name="Default test" finished-at="2022-08-01T18:56:28Z" duration-ms="24931">
      <class name="com.qa.automation.test.AccountsPageTest">
        <test-method is-config="true" signature="setup()[pri:0, instance:com.qa.automation.test.AccountsPageTest@671a5887]" started-at="2022-08-01T18:56:03Z" name="setup" finished-at="2022-08-01T18:56:16Z" duration-ms="12040" status="PASS">
          <reporter-output>
          </reporter-output>
        </test-method> <!-- setup -->
        <test-method is-config="true" signature="accountPageSetup()[pri:0, instance:com.qa.automation.test.AccountsPageTest@671a5887]" started-at="2022-08-01T18:56:16Z" name="accountPageSetup" finished-at="2022-08-01T18:56:22Z" duration-ms="6008" status="PASS">
          <reporter-output>
          </reporter-output>
        </test-method> <!-- accountPageSetup -->
        <test-method signature="aselectProductTest()[pri:0, instance:com.qa.automation.test.AccountsPageTest@671a5887]" started-at="2022-08-01T18:56:22Z" name="aselectProductTest" finished-at="2022-08-01T18:56:22Z" duration-ms="123" status="FAIL">
          <exception class="org.openqa.selenium.InvalidSelectorException">
            <message>
              <![CDATA[invalid selector: Unable to locate an element with the xpath expression //*[@id=\"center_column\"]/ul/li[3]/div/div[2]/h5/a because of the following error:
SyntaxError: Failed to execute 'evaluate' on 'Document': The string '//*[@id=\"center_column\"]/ul/li[3]/div/div[2]/h5/a' is not a valid XPath expression.
  (Session info: chrome=103.0.5060.134)
For documentation on this error, please visit: https://selenium.dev/exceptions/#invalid_selector_exception
Build info: version: '4.0.0', revision: '3a21814679'
System info: host: 'DESKTOP-QK9M2DL', ip: '10.0.0.116', os.name: 'Windows 10', os.arch: 'amd64', os.version: '10.0', java.version: '17'
Driver info: org.openqa.selenium.chrome.ChromeDriver
Command: [1e2fa63f681accc04e2240a9d1b690c0, findElement {using=xpath, value=//*[@id=\"center_column\"]/ul/li[3]/div/div[2]/h5/a}]
Capabilities {acceptInsecureCerts: false, browserName: chrome, browserVersion: 103.0.5060.134, chrome: {chromedriverVersion: 103.0.5060.134 (8ec6fce403b..., userDataDir: C:\Users\eramr\AppData\Loca...}, goog:chromeOptions: {debuggerAddress: localhost:61813}, javascriptEnabled: true, networkConnectionEnabled: false, pageLoadStrategy: normal, platform: WINDOWS, platformName: WINDOWS, proxy: Proxy(), se:cdp: ws://localhost:61813/devtoo..., se:cdpVersion: 103.0.5060.134, setWindowRect: true, strictFileInteractability: false, timeouts: {implicit: 0, pageLoad: 300000, script: 30000}, unhandledPromptBehavior: dismiss and notify, webauthn:extension:credBlob: true, webauthn:extension:largeBlob: true, webauthn:virtualAuthenticators: true}
Session ID: 1e2fa63f681accc04e2240a9d1b690c0]]>
            </message>
            <full-stacktrace>
              <![CDATA[org.openqa.selenium.InvalidSelectorException: invalid selector: Unable to locate an element with the xpath expression //*[@id=\"center_column\"]/ul/li[3]/div/div[2]/h5/a because of the following error:
SyntaxError: Failed to execute 'evaluate' on 'Document': The string '//*[@id=\"center_column\"]/ul/li[3]/div/div[2]/h5/a' is not a valid XPath expression.
  (Session info: chrome=103.0.5060.134)
For documentation on this error, please visit: https://selenium.dev/exceptions/#invalid_selector_exception
Build info: version: '4.0.0', revision: '3a21814679'
System info: host: 'DESKTOP-QK9M2DL', ip: '10.0.0.116', os.name: 'Windows 10', os.arch: 'amd64', os.version: '10.0', java.version: '17'
Driver info: org.openqa.selenium.chrome.ChromeDriver
Command: [1e2fa63f681accc04e2240a9d1b690c0, findElement {using=xpath, value=//*[@id=\"center_column\"]/ul/li[3]/div/div[2]/h5/a}]
Capabilities {acceptInsecureCerts: false, browserName: chrome, browserVersion: 103.0.5060.134, chrome: {chromedriverVersion: 103.0.5060.134 (8ec6fce403b..., userDataDir: C:\Users\eramr\AppData\Loca...}, goog:chromeOptions: {debuggerAddress: localhost:61813}, javascriptEnabled: true, networkConnectionEnabled: false, pageLoadStrategy: normal, platform: WINDOWS, platformName: WINDOWS, proxy: Proxy(), se:cdp: ws://localhost:61813/devtoo..., se:cdpVersion: 103.0.5060.134, setWindowRect: true, strictFileInteractability: false, timeouts: {implicit: 0, pageLoad: 300000, script: 30000}, unhandledPromptBehavior: dismiss and notify, webauthn:extension:credBlob: true, webauthn:extension:largeBlob: true, webauthn:virtualAuthenticators: true}
Session ID: 1e2fa63f681accc04e2240a9d1b690c0
at java.base/jdk.internal.reflect.NativeConstructorAccessorImpl.newInstance0(Native Method)
at java.base/jdk.internal.reflect.NativeConstructorAccessorImpl.newInstance(NativeConstructorAccessorImpl.java:77)
at java.base/jdk.internal.reflect.DelegatingConstructorAccessorImpl.newInstance(DelegatingConstructorAccessorImpl.java:45)
at java.base/java.lang.reflect.Constructor.newInstanceWithCaller(Constructor.java:499)
at java.base/java.lang.reflect.Constructor.newInstance(Constructor.java:480)
at org.openqa.selenium.remote.codec.w3c.W3CHttpResponseCodec.createException(W3CHttpResponseCodec.java:200)
at org.openqa.selenium.remote.codec.w3c.W3CHttpResponseCodec.decode(W3CHttpResponseCodec.java:133)
at org.openqa.selenium.remote.codec.w3c.W3CHttpResponseCodec.decode(W3CHttpResponseCodec.java:53)
at org.openqa.selenium.remote.HttpCommandExecutor.execute(HttpCommandExecutor.java:184)
at org.openqa.selenium.remote.service.DriverCommandExecutor.invokeExecute(DriverCommandExecutor.java:164)
at org.openqa.selenium.remote.service.DriverCommandExecutor.execute(DriverCommandExecutor.java:139)
at org.openqa.selenium.remote.RemoteWebDriver.execute(RemoteWebDriver.java:559)
at org.openqa.selenium.remote.ElementLocation$ElementFinder$2.findElement(ElementLocation.java:162)
at org.openqa.selenium.remote.ElementLocation.findElement(ElementLocation.java:60)
at org.openqa.selenium.remote.RemoteWebDriver.findElement(RemoteWebDriver.java:383)
at org.openqa.selenium.remote.RemoteWebDriver.findElement(RemoteWebDriver.java:375)
at com.qa.automationpractice.util.ElementUtil.getElement(ElementUtil.java:31)
at com.qa.automationpractice.util.ElementUtil.waitForElementToBeVisibleWithWebElement(ElementUtil.java:90)
at com.qa.automationpractice.pages.AccountsPage.selectElement(AccountsPage.java:54)
at com.qa.automation.test.AccountsPageTest.aselectProductTest(AccountsPageTest.java:42)
at java.base/jdk.internal.reflect.NativeMethodAccessorImpl.invoke0(Native Method)
at java.base/jdk.internal.reflect.NativeMethodAccessorImpl.invoke(NativeMethodAccessorImpl.java:77)
at java.base/jdk.internal.reflect.DelegatingMethodAccessorImpl.invoke(DelegatingMethodAccessorImpl.java:43)
at java.base/java.lang.reflect.Method.invoke(Method.java:568)
at org.testng.internal.MethodInvocationHelper.invokeMethod(MethodInvocationHelper.java:124)
at org.testng.internal.Invoker.invokeMethod(Invoker.java:583)
at org.testng.internal.Invoker.invokeTestMethod(Invoker.java:719)
at org.testng.internal.Invoker.invokeTestMethods(Invoker.java:989)
at org.testng.internal.TestMethodWorker.invokeTestMethods(TestMethodWorker.java:125)
at org.testng.internal.TestMethodWorker.run(TestMethodWorker.java:109)
at org.testng.TestRunner.privateRun(TestRunner.java:648)
at org.testng.TestRunner.run(TestRunner.java:505)
at org.testng.SuiteRunner.runTest(SuiteRunner.java:455)
at org.testng.SuiteRunner.runSequentially(SuiteRunner.java:450)
at org.testng.SuiteRunner.privateRun(SuiteRunner.java:415)
at org.testng.SuiteRunner.run(SuiteRunner.java:364)
at org.testng.SuiteRunnerWorker.runSuite(SuiteRunnerWorker.java:52)
at org.testng.SuiteRunnerWorker.run(SuiteRunnerWorker.java:84)
at org.testng.TestNG.runSuitesSequentially(TestNG.java:1208)
at org.testng.TestNG.runSuitesLocally(TestNG.java:1137)
at org.testng.TestNG.runSuites(TestNG.java:1049)
at org.testng.TestNG.run(TestNG.java:1017)
at org.testng.remote.AbstractRemoteTestNG.run(AbstractRemoteTestNG.java:115)
at org.testng.remote.RemoteTestNG.initAndRun(RemoteTestNG.java:251)
at org.testng.remote.RemoteTestNG.main(RemoteTestNG.java:77)
]]>
            </full-stacktrace>
          </exception> <!-- org.openqa.selenium.InvalidSelectorException -->
          <reporter-output>
          </reporter-output>
        </test-method> <!-- aselectProductTest -->
        <test-method signature="isSearchFieldExistTest()[pri:0, instance:com.qa.automation.test.AccountsPageTest@671a5887]" started-at="2022-08-01T18:56:22Z" name="isSearchFieldExistTest" finished-at="2022-08-01T18:56:22Z" duration-ms="114" status="PASS">
          <reporter-output>
          </reporter-output>
        </test-method> <!-- isSearchFieldExistTest -->
        <test-method signature="searchTest()[pri:0, instance:com.qa.automation.test.AccountsPageTest@671a5887]" started-at="2022-08-01T18:56:22Z" name="searchTest" finished-at="2022-08-01T18:56:22Z" duration-ms="207" status="PASS">
          <reporter-output>
          </reporter-output>
        </test-method> <!-- searchTest -->
        <test-method signature="selectSubCategoryTest()[pri:0, instance:com.qa.automation.test.AccountsPageTest@671a5887]" started-at="2022-08-01T18:56:22Z" name="selectSubCategoryTest" finished-at="2022-08-01T18:56:28Z" duration-ms="5673" status="PASS">
          <reporter-output>
          </reporter-output>
        </test-method> <!-- selectSubCategoryTest -->
        <test-method is-config="true" signature="tearDown()[pri:0, instance:com.qa.automation.test.AccountsPageTest@671a5887]" started-at="2022-08-01T18:56:28Z" name="tearDown" finished-at="2022-08-01T18:56:28Z" duration-ms="696" status="PASS">
          <reporter-output>
          </reporter-output>
        </test-method> <!-- tearDown -->
      </class> <!-- com.qa.automation.test.AccountsPageTest -->
    </test> <!-- Default test -->
  </suite> <!-- Default suite -->
</testng-results>
